Listing 'app'...
Listing 'app/adapters'...
Listing 'app/adapters/jsp'...
Listing 'app/adapters/nexacro'...
Listing 'app/adapters/react'...
Listing 'app/adapters/vue'...
Listing 'app/engine'...
Listing 'app/engine/analysis'...
Listing 'app/engine/backend'...
Listing 'app/io'...
Listing 'app/ui'...
Listing 'app/ui/widgets'...
Listing 'app/validation'...
Listing 'execution_core'...
Listing 'execution_core/profiles'...
Listing 'tests'...
Listing 'tests/.pytest_cache'...
Listing 'tests/.pytest_cache/v'...
Listing 'tests/.pytest_cache/v/cache'...
Listing 'tests/fixtures'...
Compiling 'tests/test_schedule_fallback_builder.py'...
